app/build/intermediates/manifest_merge_blame_file/debug/manifest-merger-blame-debug-report.txt
1<?xml version="1.0" encoding="utf-8"?>
2<manifest xmlns:android="http://schemas.android.com/apk/res/android"
3    package="com.alquran.assudais"
4    android:versionCode="1"
5    android:versionName="1.0" >
6
7    <uses-sdk
8        android:minSdkVersion="18"
8-->src\main\AndroidManifest.xml
9        android:targetSdkVersion="29" />
9-->src\main\AndroidManifest.xml
10
11    <uses-permission android:name="android.permission.ACCESS_NETWORK_STATE" />
11-->src\main\AndroidManifest.xml:5:5-79
11-->src\main\AndroidManifest.xml:5:22-76
12    <uses-permission android:name="android.permission.CALL_PHONE" />
12-->src\main\AndroidManifest.xml:6:5-69
12-->src\main\AndroidManifest.xml:6:22-66
13    <uses-permission android:name="android.permission.INTERNET" />
13-->src\main\AndroidManifest.xml:7:5-67
13-->src\main\AndroidManifest.xml:7:22-64
14
15    <application
15-->src\main\AndroidManifest.xml:9:5-40:19
16        android:name="com.alquran.assudais.Utilities.MyApplication"
16-->src\main\AndroidManifest.xml:10:9-68
17        android:allowBackup="true"
17-->src\main\AndroidManifest.xml:11:9-35
18        android:appComponentFactory="androidx.core.app.CoreComponentFactory"
18-->[androidx.core:core:1.3.0-beta01] AndroidManifest.xml:24:18-86
19        android:debuggable="true"
20        android:icon="@drawable/app_icon"
20-->src\main\AndroidManifest.xml:12:9-42
21        android:label="@string/app_name"
21-->src\main\AndroidManifest.xml:13:9-41
22        android:largeHeap="true"
22-->src\main\AndroidManifest.xml:14:9-33
23        android:roundIcon="@drawable/app_icon"
23-->src\main\AndroidManifest.xml:15:9-47
24        android:supportsRtl="true"
24-->src\main\AndroidManifest.xml:16:9-35
25        android:theme="@style/AppTheme" >
25-->src\main\AndroidManifest.xml:17:9-40
26        <activity
26-->src\main\AndroidManifest.xml:18:9-20:52
27            android:name="com.alquran.assudais.Activities.SimilarAppsListActivity"
27-->src\main\AndroidManifest.xml:19:13-83
28            android:screenOrientation="portrait" />
28-->src\main\AndroidManifest.xml:20:13-49
29        <activity
29-->src\main\AndroidManifest.xml:22:9-30:20
30            android:name="com.alquran.assudais.Activities.SplashScreenActivity"
30-->src\main\AndroidManifest.xml:23:13-80
31            android:screenOrientation="portrait" >
31-->src\main\AndroidManifest.xml:24:13-49
32            <intent-filter>
32-->src\main\AndroidManifest.xml:25:13-29:29
33                <action android:name="android.intent.action.MAIN" />
33-->src\main\AndroidManifest.xml:26:17-69
33-->src\main\AndroidManifest.xml:26:25-66
34
35                <category android:name="android.intent.category.LAUNCHER" />
35-->src\main\AndroidManifest.xml:28:17-77
35-->src\main\AndroidManifest.xml:28:27-74
36            </intent-filter>
37        </activity>
38        <activity
38-->src\main\AndroidManifest.xml:32:9-34:52
39            android:name="com.alquran.assudais.Activities.DashboardActivity"
39-->src\main\AndroidManifest.xml:33:13-77
40            android:screenOrientation="portrait" />
40-->src\main\AndroidManifest.xml:34:13-49
41        <activity
41-->src\main\AndroidManifest.xml:36:9-38:52
42            android:name="com.alquran.assudais.Activities.SurahActivity"
42-->src\main\AndroidManifest.xml:37:13-73
43            android:screenOrientation="portrait" />
43-->src\main\AndroidManifest.xml:38:13-49
44
45        <provider
45-->[com.squareup.picasso:picasso:2.71828] AndroidManifest.xml:8:9-11:40
46            android:name="com.squareup.picasso.PicassoProvider"
46-->[com.squareup.picasso:picasso:2.71828] AndroidManifest.xml:9:13-64
47            android:authorities="com.alquran.assudais.com.squareup.picasso"
47-->[com.squareup.picasso:picasso:2.71828] AndroidManifest.xml:10:13-72
48            android:exported="false" />
48-->[com.squareup.picasso:picasso:2.71828] AndroidManifest.xml:11:13-37
49    </application>
50
51</manifest>